2025-07-30 11:00:31.558 AM --- error --- undefined --- 	Cannot find discount
2025-07-30 11:00:31.560 AM --- error --- undefined --- 	get list products failed
2025-07-30 11:00:36.009 AM --- error --- undefined --- 	Discount exists!
2025-07-30 11:00:36.010 AM --- error --- undefined --- 	create discount failed
2025-07-30 11:01:12.368 AM --- error --- undefined --- 	Discount exists!
2025-07-30 11:01:12.369 AM --- error --- undefined --- 	create discount failed
2025-07-30 11:01:24.242 AM --- error --- undefined --- 	Cannot find discount
2025-07-30 11:01:24.243 AM --- error --- undefined --- 	get list products failed
2025-07-30 11:01:35.220 AM --- error --- undefined --- 	Cannot find discount
2025-07-30 11:01:35.221 AM --- error --- undefined --- 	get list products failed
2025-07-30 11:02:33.555 AM --- error --- undefined --- 	Cannot find discount
2025-07-30 11:02:33.557 AM --- error --- undefined --- 	get list products failed
2025-07-30 11:03:59.681 AM --- error --- undefined --- 	Cannot find discount
2025-07-30 11:03:59.682 AM --- error --- undefined --- 	get list products failed
2025-07-30 11:05:07.440 AM --- error --- undefined --- 	Cannot find discount
2025-07-30 11:05:07.441 AM --- error --- undefined --- 	get list products failed
2025-07-30 11:06:47.850 AM --- error --- undefined --- 	Cannot find discount
2025-07-30 11:06:47.852 AM --- error --- undefined --- 	get list products failed
2025-07-30 11:07:45.759 AM --- error --- undefined --- 	Access Token expired
2025-07-30 11:07:58.251 AM --- error --- undefined --- 	Cannot find discount
2025-07-30 11:07:58.252 AM --- error --- undefined --- 	get list products failed
2025-07-30 11:08:18.515 AM --- error --- undefined --- 	Discount exists!
2025-07-30 11:08:18.516 AM --- error --- undefined --- 	create discount failed
2025-07-30 11:08:24.953 AM --- error --- undefined --- 	Discount exists!
2025-07-30 11:08:24.954 AM --- error --- undefined --- 	create discount failed
2025-07-30 11:08:43.958 AM --- error --- undefined --- 	Cannot find discount
2025-07-30 11:08:43.959 AM --- error --- undefined --- 	get list products failed
2025-07-30 11:09:58.494 AM --- error --- undefined --- 	Cannot find discount
2025-07-30 11:09:58.496 AM --- error --- undefined --- 	get list products failed
2025-07-30 11:18:47.961 AM --- error --- undefined --- 	Access Token expired
