2025-07-16 01:05:10.679 PM --- error --- undefined --- 	Access Token expired
2025-07-16 01:05:16.913 PM --- error --- undefined --- 	Access Token expired
2025-07-16 01:05:28.550 PM --- error --- undefined --- 	Invalid verification step
2025-07-16 01:05:28.551 PM --- error --- undefined --- 	Verified email failed
2025-07-16 01:05:40.002 PM --- error --- undefined --- 	Invalid verification step
2025-07-16 01:05:40.003 PM --- error --- undefined --- 	Verified email failed
2025-07-16 01:06:52.723 PM --- error --- undefined --- 	Failed to send phone OTP. Please try again.
2025-07-16 01:06:52.724 PM --- error --- undefined --- 	Verified email failed
2025-07-16 01:13:19.889 PM --- error --- undefined --- 	Failed to send phone OTP. Please try again.
2025-07-16 01:13:19.891 PM --- error --- undefined --- 	Verified email failed
2025-07-16 01:16:59.081 PM --- error --- undefined --- 	Invalid or expired verification session
2025-07-16 01:16:59.083 PM --- error --- undefined --- 	Verified email failed
2025-07-16 01:17:52.394 PM --- error --- undefined --- 	Failed to send phone OTP. Please try again.
2025-07-16 01:17:52.396 PM --- error --- undefined --- 	Verified email failed
2025-07-16 01:32:38.979 PM --- error --- undefined --- 	Access Token expired
2025-07-16 01:36:41.125 PM --- error --- undefined --- 	Access Token expired
2025-07-16 01:42:00.396 PM --- error --- undefined --- 	Failed to send phone OTP. Please try again.
2025-07-16 01:42:00.397 PM --- error --- undefined --- 	Verified email failed
2025-07-16 01:42:26.491 PM --- error --- undefined --- 	Invalid or expired verification session
2025-07-16 01:42:26.493 PM --- error --- undefined --- 	Verified email failed
2025-07-16 01:42:59.067 PM --- error --- undefined --- 	Failed to send phone OTP. Please try again.
2025-07-16 01:42:59.068 PM --- error --- undefined --- 	Verified email failed
2025-07-16 01:43:21.139 PM --- error --- undefined --- 	Invalid or expired verification session
2025-07-16 01:43:21.141 PM --- error --- undefined --- 	Verified email failed
2025-07-16 01:43:53.918 PM --- error --- undefined --- 	Failed to send phone OTP. Please try again.
2025-07-16 01:43:53.920 PM --- error --- undefined --- 	Verified email failed
2025-07-16 01:46:12.710 PM --- error --- undefined --- 	Failed to send phone OTP. Please try again.
2025-07-16 01:46:12.712 PM --- error --- undefined --- 	Verified email failed
2025-07-16 01:48:35.902 PM --- error --- undefined --- 	Invalid verification step
2025-07-16 01:48:35.903 PM --- error --- undefined --- 	Verified email failed
2025-07-16 01:48:49.870 PM --- error --- undefined --- 	Invalid or expired verification session
2025-07-16 01:48:49.872 PM --- error --- undefined --- 	Verified email failed
2025-07-16 01:49:13.744 PM --- error --- undefined --- 	Invalid or expired verification session
2025-07-16 01:49:13.745 PM --- error --- undefined --- 	Verified email failed
2025-07-16 01:49:20.748 PM --- error --- undefined --- 	Invalid or expired verification session
2025-07-16 01:49:20.749 PM --- error --- undefined --- 	Verified email failed
2025-07-16 01:51:54.368 PM --- error --- undefined --- 	Failed to send phone OTP. Please try again.
2025-07-16 01:51:54.370 PM --- error --- undefined --- 	Verified email failed
